<?xml version="1.0" encoding="UTF-8"?>
<!-- Generated by org.testng.reporters.JUnitXMLReporter -->
<testsuite ignored="0" hostname="DHIPUN0129" failures="0" tests="4" name="Test" time="53.256" errors="0" timestamp="2023-05-15T14:34:30 IST">
  <testcase classname="b" name="testEasy" time="5.928"/>
  <testcase classname="b" name="test_getCurrentUrl" time="0.479"/>
  <testcase classname="a" name="testEasy" time="2.313"/>
  <testcase classname="a" name="test_getCurrentUrl" time="2.021"/>
</testsuite> <!-- Test -->
