<?xml version="1.0" encoding="UTF-8"?>
<!-- Generated by org.testng.reporters.JUnitXMLReporter -->
<testsuite ignored="0" hostname="DHIPUN0129" failures="0" tests="4" name="Test" time="42.069" errors="0" timestamp="2023-05-08T14:57:52 IST">
  <testcase classname="b" name="testEasy" time="5.442"/>
  <testcase classname="b" name="test_getCurrentUrl" time="5.67"/>
  <testcase classname="a" name="testEasy" time="1.893"/>
  <testcase classname="a" name="test_getCurrentUrl" time="2.206"/>
</testsuite> <!-- Test -->
