<?xml version="1.0" encoding="UTF-8"?>
<!-- Generated by org.testng.reporters.JUnitXMLReporter -->
<testsuite hostname="DHIPUN0129" failures="0" tests="4" name="Test" time="81.321" errors="0" timestamp="8 May 2023 11:42:26 GMT">
  <testcase classname="b" name="testEasy" time="5.853"/>
  <testcase classname="b" name="test_getCurrentUrl" time="1.908"/>
  <testcase classname="a" name="testEasy" time="2.617"/>
  <testcase classname="a" name="test_getCurrentUrl" time="3.161"/>
</testsuite> <!-- Test -->
