<?xml version="1.0" encoding="UTF-8"?>
<!-- Generated by org.testng.reporters.JUnitXMLReporter -->
<testsuite hostname="DHIPUN0129" failures="0" tests="4" name="Test" time="78.018" errors="0" timestamp="8 May 2023 11:54:03 GMT">
  <testcase classname="b" name="testEasy" time="5.909"/>
  <testcase classname="b" name="test_getCurrentUrl" time="0.294"/>
  <testcase classname="a" name="testEasy" time="2.453"/>
  <testcase classname="a" name="test_getCurrentUrl" time="2.488"/>
</testsuite> <!-- Test -->
