<?xml version="1.0" encoding="UTF-8"?>
<testng-results total="4" passed="4" failed="0" skipped="0">
  <reporter-output>
  </reporter-output>
  <suite started-at="2023-05-08T11:41:03Z" name="Suite" finished-at="2023-05-08T11:42:25Z" duration-ms="81836">
    <groups>
    </groups>
    <test started-at="2023-05-08T11:41:03Z" name="Test" finished-at="2023-05-08T11:42:25Z" duration-ms="81836">
      <class name="a">
        <test-method is-config="true" signature="initialiseBrowser()[pri:0, instance:a@247310d0]" started-at="2023-05-08T17:12:12Z" name="initialiseBrowser" finished-at="2023-05-08T17:12:16Z" duration-ms="4204" status="PASS">
          <reporter-output>
          </reporter-output>
        </test-method> <!-- initialiseBrowser -->
        <test-method signature="testEasy()[pri:0, instance:a@247310d0]" started-at="2023-05-08T17:12:16Z" name="testEasy" finished-at="2023-05-08T17:12:19Z" duration-ms="2767" status="PASS">
          <reporter-output>
          </reporter-output>
        </test-method> <!-- testEasy -->
        <test-method is-config="true" signature="postcondition()[pri:0, instance:a@247310d0]" started-at="2023-05-08T17:12:19Z" name="postcondition" finished-at="2023-05-08T17:12:19Z" duration-ms="459" status="PASS">
          <reporter-output>
          </reporter-output>
        </test-method> <!-- postcondition -->
        <test-method is-config="true" signature="initialiseBrowser()[pri:0, instance:a@247310d0]" started-at="2023-05-08T17:12:19Z" name="initialiseBrowser" finished-at="2023-05-08T17:12:21Z" duration-ms="1822" status="PASS">
          <reporter-output>
          </reporter-output>
        </test-method> <!-- initialiseBrowser -->
        <test-method signature="test_getCurrentUrl()[pri:0, instance:a@247310d0]" started-at="2023-05-08T17:12:21Z" name="test_getCurrentUrl" finished-at="2023-05-08T17:12:25Z" duration-ms="3592" status="PASS">
          <reporter-output>
          </reporter-output>
        </test-method> <!-- test_getCurrentUrl -->
        <test-method is-config="true" signature="postcondition()[pri:0, instance:a@247310d0]" started-at="2023-05-08T17:12:25Z" name="postcondition" finished-at="2023-05-08T17:12:25Z" duration-ms="448" status="PASS">
          <reporter-output>
          </reporter-output>
        </test-method> <!-- postcondition -->
      </class> <!-- a -->
      <class name="b">
        <test-method is-config="true" signature="initialiseBrowser()[pri:0, instance:b@1040be71]" started-at="2023-05-08T17:11:03Z" name="initialiseBrowser" finished-at="2023-05-08T17:11:48Z" duration-ms="44143" status="PASS">
          <reporter-output>
          </reporter-output>
        </test-method> <!-- initialiseBrowser -->
        <test-method signature="testEasy()[pri:0, instance:b@1040be71]" started-at="2023-05-08T17:11:48Z" name="testEasy" finished-at="2023-05-08T17:11:53Z" duration-ms="5845" status="PASS">
          <reporter-output>
          </reporter-output>
        </test-method> <!-- testEasy -->
        <test-method is-config="true" signature="postcondition()[pri:0, instance:b@1040be71]" started-at="2023-05-08T17:11:53Z" name="postcondition" finished-at="2023-05-08T17:11:56Z" duration-ms="2297" status="PASS">
          <reporter-output>
          </reporter-output>
        </test-method> <!-- postcondition -->
        <test-method is-config="true" signature="initialiseBrowser()[pri:0, instance:b@1040be71]" started-at="2023-05-08T17:11:56Z" name="initialiseBrowser" finished-at="2023-05-08T17:12:08Z" duration-ms="12300" status="PASS">
          <reporter-output>
          </reporter-output>
        </test-method> <!-- initialiseBrowser -->
        <test-method signature="test_getCurrentUrl()[pri:0, instance:b@1040be71]" started-at="2023-05-08T17:12:08Z" name="test_getCurrentUrl" finished-at="2023-05-08T17:12:10Z" duration-ms="1512" status="PASS">
          <reporter-output>
          </reporter-output>
        </test-method> <!-- test_getCurrentUrl -->
        <test-method is-config="true" signature="postcondition()[pri:0, instance:b@1040be71]" started-at="2023-05-08T17:12:10Z" name="postcondition" finished-at="2023-05-08T17:12:12Z" duration-ms="2386" status="PASS">
          <reporter-output>
          </reporter-output>
        </test-method> <!-- postcondition -->
      </class> <!-- b -->
    </test> <!-- Test -->
  </suite> <!-- Suite -->
</testng-results>
