<?xml version="1.0" encoding="UTF-8"?>
<testng-results ignored="0" total="4" passed="4" failed="0" skipped="0">
  <reporter-output>
  </reporter-output>
  <suite started-at="2023-05-15T14:33:36 IST" name="Suite" finished-at="2023-05-15T14:34:29 IST" duration-ms="53256">
    <groups>
    </groups>
    <test started-at="2023-05-15T14:33:36 IST" name="Test" finished-at="2023-05-15T14:34:29 IST" duration-ms="53256">
      <class name="a">
        <test-method is-config="true" signature="initialiseBrowser()[pri:0, instance:a@515aebb0]" started-at="2023-05-15T14:34:21 IST" name="initialiseBrowser" finished-at="2023-05-15T14:34:23 IST" duration-ms="1536" status="PASS">
          <reporter-output>
          </reporter-output>
        </test-method> <!-- initialiseBrowser -->
        <test-method signature="testEasy()[pri:0, instance:a@515aebb0]" started-at="2023-05-15T14:34:23 IST" name="testEasy" finished-at="2023-05-15T14:34:25 IST" duration-ms="2313" status="PASS">
          <reporter-output>
          </reporter-output>
        </test-method> <!-- testEasy -->
        <test-method is-config="true" signature="postcondition()[pri:0, instance:a@515aebb0]" started-at="2023-05-15T14:34:25 IST" name="postcondition" finished-at="2023-05-15T14:34:26 IST" duration-ms="347" status="PASS">
          <reporter-output>
          </reporter-output>
        </test-method> <!-- postcondition -->
        <test-method is-config="true" signature="initialiseBrowser()[pri:0, instance:a@515aebb0]" started-at="2023-05-15T14:34:26 IST" name="initialiseBrowser" finished-at="2023-05-15T14:34:27 IST" duration-ms="1502" status="PASS">
          <reporter-output>
          </reporter-output>
        </test-method> <!-- initialiseBrowser -->
        <test-method signature="test_getCurrentUrl()[pri:0, instance:a@515aebb0]" started-at="2023-05-15T14:34:27 IST" name="test_getCurrentUrl" finished-at="2023-05-15T14:34:29 IST" duration-ms="2021" status="PASS">
          <reporter-output>
          </reporter-output>
        </test-method> <!-- test_getCurrentUrl -->
        <test-method is-config="true" signature="postcondition()[pri:0, instance:a@515aebb0]" started-at="2023-05-15T14:34:29 IST" name="postcondition" finished-at="2023-05-15T14:34:29 IST" duration-ms="304" status="PASS">
          <reporter-output>
          </reporter-output>
        </test-method> <!-- postcondition -->
      </class> <!-- a -->
      <class name="b">
        <test-method is-config="true" signature="initialiseBrowser()[pri:0, instance:b@6e20b53a]" started-at="2023-05-15T14:33:36 IST" name="initialiseBrowser" finished-at="2023-05-15T14:34:01 IST" duration-ms="25008" status="PASS">
          <reporter-output>
          </reporter-output>
        </test-method> <!-- initialiseBrowser -->
        <test-method signature="testEasy()[pri:0, instance:b@6e20b53a]" started-at="2023-05-15T14:34:01 IST" name="testEasy" finished-at="2023-05-15T14:34:07 IST" duration-ms="5928" status="PASS">
          <reporter-output>
          </reporter-output>
        </test-method> <!-- testEasy -->
        <test-method is-config="true" signature="postcondition()[pri:0, instance:b@6e20b53a]" started-at="2023-05-15T14:34:07 IST" name="postcondition" finished-at="2023-05-15T14:34:10 IST" duration-ms="2258" status="PASS">
          <reporter-output>
          </reporter-output>
        </test-method> <!-- postcondition -->
        <test-method is-config="true" signature="initialiseBrowser()[pri:0, instance:b@6e20b53a]" started-at="2023-05-15T14:34:10 IST" name="initialiseBrowser" finished-at="2023-05-15T14:34:19 IST" duration-ms="9308" status="PASS">
          <reporter-output>
          </reporter-output>
        </test-method> <!-- initialiseBrowser -->
        <test-method signature="test_getCurrentUrl()[pri:0, instance:b@6e20b53a]" started-at="2023-05-15T14:34:19 IST" name="test_getCurrentUrl" finished-at="2023-05-15T14:34:19 IST" duration-ms="479" status="PASS">
          <reporter-output>
          </reporter-output>
        </test-method> <!-- test_getCurrentUrl -->
        <test-method is-config="true" signature="postcondition()[pri:0, instance:b@6e20b53a]" started-at="2023-05-15T14:34:19 IST" name="postcondition" finished-at="2023-05-15T14:34:21 IST" duration-ms="2081" status="PASS">
          <reporter-output>
          </reporter-output>
        </test-method> <!-- postcondition -->
      </class> <!-- b -->
    </test> <!-- Test -->
  </suite> <!-- Suite -->
</testng-results>
